<?xml version="1.0" encoding="UTF-8"?>
<testsuite xmlns:xsi="http://www.w3.org/2001/XMLSchema-instance" xsi:noNamespaceSchemaLocation="https://maven.apache.org/surefire/maven-surefire-plugin/xsd/surefire-test-report.xsd" name="com.esiea.tp4A.CalcTest" time="0.563" tests="2" errors="0" skipped="0" failures="0">
  <properties>
[...]
</properties>
  <testcase name="add_cases{int, int, int}[1]" classname="com.esiea.tp4A.CalcTest" time="0.286"/>
  <testcase name="add_cases{int, int, int}[2]" classname="com.esiea.tp4A.CalcTest" time="0.001"/>
</testsuite>